<?xml version="1.0" encoding="UTF-8"?>
<!-- Generated by org.testng.reporters.JUnitReportReporter -->
<testsuite skipped="0" hostname="hiteshy" name="com.itrace.testcases.AddOuterPackTest" tests="10" failures="0" timestamp="02 Apr 2021 06:34:28 GMT" time="361.120" errors="0">
  <testcase name="addNewOuterPack" time="34.461" classname="com.itrace.testcases.AddOuterPackTest"/>
  <testcase name="addNewOuterPack" time="36.775" classname="com.itrace.testcases.AddOuterPackTest"/>
  <testcase name="addNewOuterPack" time="34.052" classname="com.itrace.testcases.AddOuterPackTest"/>
  <testcase name="addNewOuterPack" time="43.793" classname="com.itrace.testcases.AddOuterPackTest"/>
  <testcase name="addNewOuterPack" time="38.223" classname="com.itrace.testcases.AddOuterPackTest"/>
  <testcase name="addNewOuterPack" time="33.078" classname="com.itrace.testcases.AddOuterPackTest"/>
  <testcase name="addNewOuterPack" time="40.676" classname="com.itrace.testcases.AddOuterPackTest"/>
  <testcase name="addNewOuterPack" time="33.404" classname="com.itrace.testcases.AddOuterPackTest"/>
  <testcase name="addNewOuterPack" time="32.914" classname="com.itrace.testcases.AddOuterPackTest"/>
  <testcase name="addNewOuterPack" time="33.744" classname="com.itrace.testcases.AddOuterPackTest"/>
</testsuite> <!-- com.itrace.testcases.AddOuterPackTest -->
