<?xml version="1.0" encoding="UTF-8"?>
<!-- Generated by org.testng.reporters.JUnitReportReporter -->
<testsuite skipped="0" hostname="hiteshy" name="com.itrace.testcases.LoginTest" tests="1" failures="0" timestamp="20 Mar 2021 14:57:52 GMT" time="9.112" errors="0">
  <testcase name="loginTest" time="9.112" classname="com.itrace.testcases.LoginTest"/>
</testsuite> <!-- com.itrace.testcases.LoginTest -->
