<?xml version="1.0" encoding="UTF-8"?>
<!-- Generated by org.testng.reporters.JUnitReportReporter -->
<testsuite skipped="0" hostname="hiteshy" name="com.itrace.parallelexecution.Testfirefox" tests="1" failures="0" timestamp="07 Apr 2021 15:39:30 GMT" time="16.773" errors="0">
  <testcase name="firefox" time="16.773" classname="com.itrace.parallelexecution.Testfirefox"/>
</testsuite> <!-- com.itrace.parallelexecution.Testfirefox -->
