<?xml version="1.0" encoding="UTF-8"?>
<!-- Generated by org.testng.reporters.JUnitReportReporter -->
<testsuite skipped="0" hostname="hiteshy" name="com.itrace.testcases.ExtractImage" tests="1" failures="0" timestamp="28 Apr 2021 05:40:42 GMT" time="5.150" errors="0">
  <testcase name="start" time="5.150" classname="com.itrace.testcases.ExtractImage"/>
</testsuite> <!-- com.itrace.testcases.ExtractImage -->
