<?xml version="1.0" encoding="UTF-8"?>
<!-- Generated by org.testng.reporters.JUnitReportReporter -->
<testsuite skipped="0" hostname="hiteshy" name="com.itrace.testcases.AddGrowerTest" tests="10" failures="0" timestamp="02 Apr 2021 06:34:28 GMT" time="282.778" errors="0">
  <testcase name="associateItemwithPastHarvestDate" time="31.353" classname="com.itrace.testcases.AddGrowerTest"/>
  <testcase name="associateItemwithPastHarvestDate" time="27.076" classname="com.itrace.testcases.AddGrowerTest"/>
  <testcase name="associateItemwithPastHarvestDate" time="28.090" classname="com.itrace.testcases.AddGrowerTest"/>
  <testcase name="associateItemwithPastHarvestDate" time="27.339" classname="com.itrace.testcases.AddGrowerTest"/>
  <testcase name="associateItemwithPastHarvestDate" time="28.332" classname="com.itrace.testcases.AddGrowerTest"/>
  <testcase name="associateItemwithPastHarvestDate" time="28.099" classname="com.itrace.testcases.AddGrowerTest"/>
  <testcase name="associateItemwithPastHarvestDate" time="27.674" classname="com.itrace.testcases.AddGrowerTest"/>
  <testcase name="associateItemwithPastHarvestDate" time="30.969" classname="com.itrace.testcases.AddGrowerTest"/>
  <testcase name="associateItemwithPastHarvestDate" time="26.476" classname="com.itrace.testcases.AddGrowerTest"/>
  <testcase name="associateItemwithPastHarvestDate" time="27.370" classname="com.itrace.testcases.AddGrowerTest"/>
</testsuite> <!-- com.itrace.testcases.AddGrowerTest -->
