<?xml version="1.0" encoding="UTF-8"?>
<!-- Generated by org.testng.reporters.JUnitReportReporter -->
<testsuite skipped="0" hostname="hiteshy" name="com.itrace.testcases.LoginTest" tests="1" failures="0" timestamp="29 Mar 2021 12:02:36 GMT" time="11.462" errors="0">
  <testcase name="loginTest" time="11.462" classname="com.itrace.testcases.LoginTest"/>
</testsuite> <!-- com.itrace.testcases.LoginTest -->
